2025-05-15 11:25:44,227 - INFO - Epochs: 50, Batch Size: 8, Image Size: 640
2025-05-15 11:25:44,258 - INFO - Using device: cuda
2025-05-15 11:25:44,939 - INFO - Traceback (most recent call last):
2025-05-15 11:25:44,939 - INFO -   File "n:\Projects\Bird Detection\YOLO.py", line 60, in <module>
2025-05-15 11:25:44,939 - INFO - model = YOLO(os.path.join(model_path, model_name))
2025-05-15 11:25:44,939 - INFO - ^
2025-05-15 11:25:44,939 - INFO - ^
2025-05-15 11:25:44,955 - INFO - ^
2025-05-15 11:25:44,955 - INFO - ^
2025-05-15 11:25:44,955 - INFO - ^
2025-05-15 11:25:44,955 - INFO - ^
2025-05-15 11:25:44,955 - INFO - ^
2025-05-15 11:25:44,955 - INFO - ^
2025-05-15 11:25:44,955 - INFO - ^
2025-05-15 11:25:44,955 - INFO - ^
2025-05-15 11:25:44,955 - INFO - ^
2025-05-15 11:25:44,955 - INFO - ^
2025-05-15 11:25:44,955 - INFO - ^
2025-05-15 11:25:44,955 - INFO - ^
2025-05-15 11:25:44,955 - INFO - ^
2025-05-15 11:25:44,955 - INFO - ^
2025-05-15 11:25:44,955 - INFO - ^
2025-05-15 11:25:44,955 - INFO - ^
2025-05-15 11:25:44,955 - INFO - ^
2025-05-15 11:25:44,955 - INFO - ^
2025-05-15 11:25:44,955 - INFO - ^
2025-05-15 11:25:44,955 - INFO - ^
2025-05-15 11:25:44,955 - INFO - ^
2025-05-15 11:25:44,955 - INFO - ^
2025-05-15 11:25:44,955 - INFO - ^
2025-05-15 11:25:44,955 - INFO - ^
2025-05-15 11:25:44,955 - INFO - ^
2025-05-15 11:25:44,955 - INFO - ^
2025-05-15 11:25:44,955 - INFO - ^
2025-05-15 11:25:44,955 - INFO - ^
2025-05-15 11:25:44,955 - INFO - ^
2025-05-15 11:25:44,955 - INFO - ^
2025-05-15 11:25:44,955 - INFO - ^
2025-05-15 11:25:44,955 - INFO - ^
2025-05-15 11:25:44,955 - INFO - ^
2025-05-15 11:25:44,955 - INFO - ^
2025-05-15 11:25:44,955 - INFO - ^
2025-05-15 11:25:44,955 - INFO - ^
2025-05-15 11:25:44,955 - INFO - ^
2025-05-15 11:25:44,955 - INFO - ^
2025-05-15 11:25:44,955 - INFO - ^
2025-05-15 11:25:44,955 - INFO - ^
2025-05-15 11:25:44,955 - INFO -   File "N:\Projects\Bird Detection\.venv\Lib\site-packages\ultralytics\models\yolo\model.py", line 53, in __init__
2025-05-15 11:25:44,955 - INFO - super().__init__(model=model, task=task, verbose=verbose)
2025-05-15 11:25:44,955 - INFO -   File "N:\Projects\Bird Detection\.venv\Lib\site-packages\ultralytics\engine\model.py", line 148, in __init__
2025-05-15 11:25:44,955 - INFO - self._load(model, task=task)
2025-05-15 11:25:44,955 - INFO -   File "N:\Projects\Bird Detection\.venv\Lib\site-packages\ultralytics\engine\model.py", line 292, in _load
2025-05-15 11:25:44,955 - INFO - self.model, self.ckpt = attempt_load_one_weight(weights)
2025-05-15 11:25:44,955 - INFO - ^
2025-05-15 11:25:44,955 - INFO - ^
2025-05-15 11:25:44,955 - INFO - ^
2025-05-15 11:25:44,955 - INFO - ^
2025-05-15 11:25:44,955 - INFO - ^
2025-05-15 11:25:44,955 - INFO - ^
2025-05-15 11:25:44,955 - INFO - ^
2025-05-15 11:25:44,955 - INFO - ^
2025-05-15 11:25:44,955 - INFO - ^
2025-05-15 11:25:44,955 - INFO - ^
2025-05-15 11:25:44,955 - INFO - ^
2025-05-15 11:25:44,955 - INFO - ^
2025-05-15 11:25:44,955 - INFO - ^
2025-05-15 11:25:44,955 - INFO - ^
2025-05-15 11:25:44,955 - INFO - ^
2025-05-15 11:25:44,955 - INFO - ^
2025-05-15 11:25:44,955 - INFO - ^
2025-05-15 11:25:44,955 - INFO - ^
2025-05-15 11:25:44,955 - INFO - ^
2025-05-15 11:25:44,955 - INFO - ^
2025-05-15 11:25:44,955 - INFO - ^
2025-05-15 11:25:44,955 - INFO - ^
2025-05-15 11:25:44,955 - INFO - ^
2025-05-15 11:25:44,955 - INFO - ^
2025-05-15 11:25:44,955 - INFO - ^
2025-05-15 11:25:44,955 - INFO - ^
2025-05-15 11:25:44,955 - INFO - ^
2025-05-15 11:25:44,955 - INFO - ^
2025-05-15 11:25:44,955 - INFO - ^
2025-05-15 11:25:44,955 - INFO - ^
2025-05-15 11:25:44,971 - INFO - ^
2025-05-15 11:25:44,971 - INFO - ^
2025-05-15 11:25:44,971 - INFO -   File "N:\Projects\Bird Detection\.venv\Lib\site-packages\ultralytics\nn\tasks.py", line 1306, in attempt_load_one_weight
2025-05-15 11:25:44,971 - INFO - ckpt, weight = torch_safe_load(weight)  # load ckpt
2025-05-15 11:25:44,971 - INFO - ^
2025-05-15 11:25:44,971 - INFO - ^
2025-05-15 11:25:44,971 - INFO - ^
2025-05-15 11:25:44,971 - INFO - ^
2025-05-15 11:25:44,971 - INFO - ^
2025-05-15 11:25:44,971 - INFO - ^
2025-05-15 11:25:44,971 - INFO - ^
2025-05-15 11:25:44,971 - INFO - ^
2025-05-15 11:25:44,971 - INFO - ^
2025-05-15 11:25:44,971 - INFO - ^
2025-05-15 11:25:44,971 - INFO - ^
2025-05-15 11:25:44,971 - INFO - ^
2025-05-15 11:25:44,971 - INFO - ^
2025-05-15 11:25:44,971 - INFO - ^
2025-05-15 11:25:44,971 - INFO - ^
2025-05-15 11:25:44,971 - INFO - ^
2025-05-15 11:25:44,971 - INFO - ^
2025-05-15 11:25:44,971 - INFO - ^
2025-05-15 11:25:44,971 - INFO - ^
2025-05-15 11:25:44,971 - INFO - ^
2025-05-15 11:25:44,971 - INFO - ^
2025-05-15 11:25:44,971 - INFO - ^
2025-05-15 11:25:44,971 - INFO - ^
2025-05-15 11:25:44,971 - INFO -   File "N:\Projects\Bird Detection\.venv\Lib\site-packages\ultralytics\nn\tasks.py", line 1211, in torch_safe_load
2025-05-15 11:25:44,971 - INFO - ckpt = torch.load(file, map_location="cpu")
2025-05-15 11:25:44,971 - INFO - ^
2025-05-15 11:25:44,971 - INFO - ^
2025-05-15 11:25:44,971 - INFO - ^
2025-05-15 11:25:44,971 - INFO - ^
2025-05-15 11:25:44,971 - INFO - ^
2025-05-15 11:25:44,971 - INFO - ^
2025-05-15 11:25:44,971 - INFO - ^
2025-05-15 11:25:44,971 - INFO - ^
2025-05-15 11:25:44,971 - INFO - ^
2025-05-15 11:25:44,971 - INFO - ^
2025-05-15 11:25:44,971 - INFO - ^
2025-05-15 11:25:44,971 - INFO - ^
2025-05-15 11:25:44,971 - INFO - ^
2025-05-15 11:25:44,971 - INFO - ^
2025-05-15 11:25:44,971 - INFO - ^
2025-05-15 11:25:44,971 - INFO - ^
2025-05-15 11:25:44,971 - INFO - ^
2025-05-15 11:25:44,971 - INFO - ^
2025-05-15 11:25:44,971 - INFO - ^
2025-05-15 11:25:44,971 - INFO - ^
2025-05-15 11:25:44,971 - INFO - ^
2025-05-15 11:25:44,971 - INFO - ^
2025-05-15 11:25:44,971 - INFO - ^
2025-05-15 11:25:44,971 - INFO - ^
2025-05-15 11:25:44,971 - INFO - ^
2025-05-15 11:25:44,971 - INFO - ^
2025-05-15 11:25:44,971 - INFO - ^
2025-05-15 11:25:44,971 - INFO - ^
2025-05-15 11:25:44,971 - INFO - ^
2025-05-15 11:25:44,971 - INFO - ^
2025-05-15 11:25:44,971 - INFO - ^
2025-05-15 11:25:44,971 - INFO - ^
2025-05-15 11:25:44,971 - INFO - ^
2025-05-15 11:25:44,971 - INFO - ^
2025-05-15 11:25:44,971 - INFO - ^
2025-05-15 11:25:44,971 - INFO - ^
2025-05-15 11:25:44,971 - INFO -   File "N:\Projects\Bird Detection\.venv\Lib\site-packages\ultralytics\utils\patches.py", line 115, in torch_load
2025-05-15 11:25:44,986 - INFO - return _torch_load(*args, **kwargs)
2025-05-15 11:25:44,986 - INFO - ^
2025-05-15 11:25:44,986 - INFO - ^
2025-05-15 11:25:44,986 - INFO - ^
2025-05-15 11:25:44,986 - INFO - ^
2025-05-15 11:25:44,986 - INFO - ^
2025-05-15 11:25:44,986 - INFO - ^
2025-05-15 11:25:44,986 - INFO - ^
2025-05-15 11:25:44,986 - INFO - ^
2025-05-15 11:25:44,986 - INFO - ^
2025-05-15 11:25:44,986 - INFO - ^
2025-05-15 11:25:44,986 - INFO - ^
2025-05-15 11:25:44,986 - INFO - ^
2025-05-15 11:25:44,986 - INFO - ^
2025-05-15 11:25:44,986 - INFO - ^
2025-05-15 11:25:44,986 - INFO - ^
2025-05-15 11:25:44,986 - INFO - ^
2025-05-15 11:25:44,986 - INFO - ^
2025-05-15 11:25:44,986 - INFO - ^
2025-05-15 11:25:44,986 - INFO - ^
2025-05-15 11:25:44,986 - INFO - ^
2025-05-15 11:25:44,986 - INFO - ^
2025-05-15 11:25:44,986 - INFO - ^
2025-05-15 11:25:44,986 - INFO - ^
2025-05-15 11:25:44,986 - INFO - ^
2025-05-15 11:25:44,986 - INFO - ^
2025-05-15 11:25:44,986 - INFO - ^
2025-05-15 11:25:44,986 - INFO - ^
2025-05-15 11:25:44,986 - INFO - ^
2025-05-15 11:25:44,986 - INFO -   File "N:\Projects\Bird Detection\.venv\Lib\site-packages\torch\serialization.py", line 1425, in load
2025-05-15 11:25:44,986 - INFO - with _open_file_like(f, "rb") as opened_file:
2025-05-15 11:25:44,986 - INFO - ^
2025-05-15 11:25:44,986 - INFO - ^
2025-05-15 11:25:44,986 - INFO - ^
2025-05-15 11:25:44,986 - INFO - ^
2025-05-15 11:25:44,986 - INFO - ^
2025-05-15 11:25:44,986 - INFO - ^
2025-05-15 11:25:44,986 - INFO - ^
2025-05-15 11:25:44,986 - INFO - ^
2025-05-15 11:25:44,986 - INFO - ^
2025-05-15 11:25:44,986 - INFO - ^
2025-05-15 11:25:44,986 - INFO - ^
2025-05-15 11:25:45,002 - INFO - ^
2025-05-15 11:25:45,002 - INFO - ^
2025-05-15 11:25:45,002 - INFO - ^
2025-05-15 11:25:45,002 - INFO - ^
2025-05-15 11:25:45,002 - INFO - ^
2025-05-15 11:25:45,002 - INFO - ^
2025-05-15 11:25:45,002 - INFO - ^
2025-05-15 11:25:45,002 - INFO - ^
2025-05-15 11:25:45,002 - INFO - ^
2025-05-15 11:25:45,002 - INFO - ^
2025-05-15 11:25:45,002 - INFO - ^
2025-05-15 11:25:45,002 - INFO - ^
2025-05-15 11:25:45,002 - INFO - ^
2025-05-15 11:25:45,002 - INFO -   File "N:\Projects\Bird Detection\.venv\Lib\site-packages\torch\serialization.py", line 751, in _open_file_like
2025-05-15 11:25:45,002 - INFO - return _open_file(name_or_buffer, mode)
2025-05-15 11:25:45,002 - INFO - ^
2025-05-15 11:25:45,002 - INFO - ^
2025-05-15 11:25:45,002 - INFO - ^
2025-05-15 11:25:45,002 - INFO - ^
2025-05-15 11:25:45,002 - INFO - ^
2025-05-15 11:25:45,002 - INFO - ^
2025-05-15 11:25:45,002 - INFO - ^
2025-05-15 11:25:45,002 - INFO - ^
2025-05-15 11:25:45,002 - INFO - ^
2025-05-15 11:25:45,002 - INFO - ^
2025-05-15 11:25:45,002 - INFO - ^
2025-05-15 11:25:45,002 - INFO - ^
2025-05-15 11:25:45,002 - INFO - ^
2025-05-15 11:25:45,002 - INFO - ^
2025-05-15 11:25:45,002 - INFO - ^
2025-05-15 11:25:45,002 - INFO - ^
2025-05-15 11:25:45,002 - INFO - ^
2025-05-15 11:25:45,002 - INFO - ^
2025-05-15 11:25:45,002 - INFO - ^
2025-05-15 11:25:45,002 - INFO - ^
2025-05-15 11:25:45,002 - INFO - ^
2025-05-15 11:25:45,002 - INFO - ^
2025-05-15 11:25:45,002 - INFO - ^
2025-05-15 11:25:45,002 - INFO - ^
2025-05-15 11:25:45,002 - INFO - ^
2025-05-15 11:25:45,002 - INFO - ^
2025-05-15 11:25:45,002 - INFO - ^
2025-05-15 11:25:45,002 - INFO - ^
2025-05-15 11:25:45,002 - INFO - ^
2025-05-15 11:25:45,002 - INFO - ^
2025-05-15 11:25:45,002 - INFO - ^
2025-05-15 11:25:45,002 - INFO - ^
2025-05-15 11:25:45,002 - INFO -   File "N:\Projects\Bird Detection\.venv\Lib\site-packages\torch\serialization.py", line 732, in __init__
2025-05-15 11:25:45,002 - INFO - super().__init__(open(name, mode))
2025-05-15 11:25:45,002 - INFO - ^
2025-05-15 11:25:45,002 - INFO - ^
2025-05-15 11:25:45,002 - INFO - ^
2025-05-15 11:25:45,002 - INFO - ^
2025-05-15 11:25:45,002 - INFO - ^
2025-05-15 11:25:45,002 - INFO - ^
2025-05-15 11:25:45,002 - INFO - ^
2025-05-15 11:25:45,002 - INFO - ^
2025-05-15 11:25:45,002 - INFO - ^
2025-05-15 11:25:45,002 - INFO - ^
2025-05-15 11:25:45,002 - INFO - ^
2025-05-15 11:25:45,002 - INFO - ^
2025-05-15 11:25:45,002 - INFO - ^
2025-05-15 11:25:45,002 - INFO - ^
2025-05-15 11:25:45,002 - INFO - ^
2025-05-15 11:25:45,002 - INFO - ^
2025-05-15 11:25:45,002 - INFO - FileNotFoundError
2025-05-15 11:25:45,002 - INFO - :
2025-05-15 11:25:45,002 - INFO - [Errno 2] No such file or directory: 'models\\yolov11n.pt'
